Copyright 1986-2017 Xilinx, Inc. All Rights Reserved.
------------------------------------------------------------------------------------------------
| Tool Version : Vivado v.2017.1_sdx (lin64) Build 1915620 Thu Jun 22 17:54:59 MDT 2017
| Date         : Fri Jul 28 23:55:18 2017
| Host         : ubuntu running 64-bit Ubuntu 16.04.2 LTS
| Command      : report_clock_utilization -file Arty_Z7_20_wrapper_clock_utilization_routed.rpt
| Design       : Arty_Z7_20_wrapper
| Device       : 7z020-clg400
| Speed File   : -1  PRODUCTION 1.11 2014-09-11
------------------------------------------------------------------------------------------------

Clock Utilization Report

Table of Contents
-----------------
1. Clock Primitive Utilization
2. Global Clock Resources
3. Global Clock Source Details
4. Clock Regions: Key Resource Utilization
5. Clock Regions : Global Clock Summary
6. Device Cell Placement Summary for Global Clock g0
7. Device Cell Placement Summary for Global Clock g1
8. Device Cell Placement Summary for Global Clock g2
9. Device Cell Placement Summary for Global Clock g3
10. Device Cell Placement Summary for Global Clock g4
11. Device Cell Placement Summary for Global Clock g5
12. Device Cell Placement Summary for Global Clock g6
13. Clock Region Cell Placement per Global Clock: Region X0Y0
14. Clock Region Cell Placement per Global Clock: Region X1Y0
15. Clock Region Cell Placement per Global Clock: Region X0Y1
16. Clock Region Cell Placement per Global Clock: Region X1Y1
17. Clock Region Cell Placement per Global Clock: Region X0Y2
18. Clock Region Cell Placement per Global Clock: Region X1Y2

1. Clock Primitive Utilization
------------------------------

+----------+------+-----------+-----+--------------+--------+
| Type     | Used | Available | LOC | Clock Region | Pblock |
+----------+------+-----------+-----+--------------+--------+
| BUFGCTRL |    5 |        32 |   0 |            0 |      0 |
| BUFH     |    0 |        72 |   0 |            0 |      0 |
| BUFIO    |    2 |        16 |   0 |            0 |      0 |
| BUFMR    |    0 |         8 |   0 |            0 |      0 |
| BUFR     |    2 |        16 |   0 |            0 |      0 |
| MMCM     |    2 |         4 |   0 |            0 |      0 |
| PLL      |    1 |         4 |   0 |            0 |      0 |
+----------+------+-----------+-----+--------------+--------+


2. Global Clock Resources
-------------------------

+-----------+-----------+-----------------+------------+----------------+--------------+-------------------+-------------+-----------------+--------------+---------------------------------+----------------------------------------------------------------------------+-----------------------------------------------------------------+
| Global Id | Source Id | Driver Type/Pin | Constraint | Site           | Clock Region | Load Clock Region | Clock Loads | Non-Clock Loads | Clock Period | Clock                           | Driver Pin                                                                 | Net                                                             |
+-----------+-----------+-----------------+------------+----------------+--------------+-------------------+-------------+-----------------+--------------+---------------------------------+----------------------------------------------------------------------------+-----------------------------------------------------------------+
| g0        | src0      | BUFG/O          | None       | BUFGCTRL_X0Y16 | n/a          |                 6 |        6498 |               0 |        8.461 | clk_fpga_1                      | Arty_Z7_20_i/processing_system7_0/inst/buffer_fclk_clk_1.FCLK_CLK_1_BUFG/O | Arty_Z7_20_i/processing_system7_0/inst/FCLK_CLK1                |
| g1        | src0      | BUFG/O          | None       | BUFGCTRL_X0Y17 | n/a          |                 6 |        2841 |               0 |       10.000 | clk_fpga_0                      | Arty_Z7_20_i/processing_system7_0/inst/buffer_fclk_clk_0.FCLK_CLK_0_BUFG/O | Arty_Z7_20_i/processing_system7_0/inst/FCLK_CLK0                |
| g2        | src1      | BUFG/O          | None       | BUFGCTRL_X0Y19 | n/a          |                 3 |        2218 |               0 |              |                                 | Arty_Z7_20_i/dvi2rgb_0/U0/GenerateBUFG.ResyncToBUFG_X/InstBUFG/O           | Arty_Z7_20_i/dvi2rgb_0/U0/GenerateBUFG.ResyncToBUFG_X/CLK       |
| g3        | src2      | BUFR/O          | None       | BUFR_X1Y9      | X1Y2         |                 1 |        2161 |               0 |       10.000 | axi_dynclk_0_PXL_CLK_O          | Arty_Z7_20_i/axi_dynclk_0/U0/BUFR_inst/O                                   | Arty_Z7_20_i/axi_dynclk_0/U0/PXL_CLK_O                          |
| g4        | src3      | BUFR/O          | None       | BUFR_X1Y5      | X1Y1         |                 2 |         322 |               1 |              |                                 | Arty_Z7_20_i/dvi2rgb_0/U0/TMDS_ClockingX/PixelClkBuffer/O                  | Arty_Z7_20_i/dvi2rgb_0/U0/TMDS_ClockingX/PixelClk_int           |
| g5        | src4      | BUFG/O          | None       | BUFGCTRL_X0Y18 | n/a          |                 1 |         162 |               0 |        5.000 | clk_out2_Arty_Z7_20_clk_wiz_0_0 | Arty_Z7_20_i/clk_wiz_0/inst/clkout2_buf/O                                  | Arty_Z7_20_i/clk_wiz_0/inst/clk_out2                            |
| g6        | src4      | BUFG/O          | None       | BUFGCTRL_X0Y20 | n/a          |                 1 |           1 |               0 |        8.000 | clkfbout_Arty_Z7_20_clk_wiz_0_0 | Arty_Z7_20_i/clk_wiz_0/inst/clkf_buf/O                                     | Arty_Z7_20_i/clk_wiz_0/inst/clkfbout_buf_Arty_Z7_20_clk_wiz_0_0 |
+-----------+-----------+-----------------+------------+----------------+--------------+-------------------+-------------+-----------------+--------------+---------------------------------+----------------------------------------------------------------------------+-----------------------------------------------------------------+
* Clock Loads column represents the clock pin loads (pin count)
** Non-Clock Loads column represents the non-clock pin loads (pin count)


3. Global Clock Source Details
------------------------------

+-----------+-----------+--------------------+------------+-----------------+--------------+-------------+-----------------+---------------------+---------------------------------+--------------------------------------------------------------------+---------------------------------------------------------------+
| Source Id | Global Id | Driver Type/Pin    | Constraint | Site            | Clock Region | Clock Loads | Non-Clock Loads | Source Clock Period | Source Clock                    | Driver Pin                                                         | Net                                                           |
+-----------+-----------+--------------------+------------+-----------------+--------------+-------------+-----------------+---------------------+---------------------------------+--------------------------------------------------------------------+---------------------------------------------------------------+
| src0      | g1        | PS7/FCLKCLK[0]     | PS7_X0Y0   | PS7_X0Y0        | X0Y2         |           1 |               0 |              10.000 | clk_fpga_0                      | Arty_Z7_20_i/processing_system7_0/inst/PS7_i/FCLKCLK[0]            | Arty_Z7_20_i/processing_system7_0/inst/FCLK_CLK_unbuffered[0] |
| src0      | g0        | PS7/FCLKCLK[1]     | PS7_X0Y0   | PS7_X0Y0        | X0Y2         |           1 |               0 |               8.461 | clk_fpga_1                      | Arty_Z7_20_i/processing_system7_0/inst/PS7_i/FCLKCLK[1]            | Arty_Z7_20_i/processing_system7_0/inst/FCLK_CLK_unbuffered[1] |
| src1      | g2        | BUFR/O             | None       | BUFR_X1Y5       | X1Y1         |         365 |               0 |                     |                                 | Arty_Z7_20_i/dvi2rgb_0/U0/TMDS_ClockingX/PixelClkBuffer/O          | Arty_Z7_20_i/dvi2rgb_0/U0/TMDS_ClockingX/PixelClk_int         |
| src2      | g3,       | MMCME2_ADV/CLKOUT0 | None       | MMCME2_ADV_X1Y2 | X1Y2         |           2 |               0 |               2.000 | I                               | Arty_Z7_20_i/axi_dynclk_0/U0/Inst_mmcme2_drp/mmcm_adv_inst/CLKOUT0 | Arty_Z7_20_i/axi_dynclk_0/U0/Inst_mmcme2_drp/I                |
| src3      | g4,       | MMCME2_ADV/CLKOUT0 | None       | MMCME2_ADV_X1Y1 | X1Y1         |           2 |               0 |                     |                                 | Arty_Z7_20_i/dvi2rgb_0/U0/TMDS_ClockingX/DVI_ClkGenerator/CLKOUT0  | Arty_Z7_20_i/dvi2rgb_0/U0/TMDS_ClockingX/CLK_OUT_5x_hdmi_clk  |
| src4      | g5        | PLLE2_ADV/CLKOUT1  | None       | PLLE2_ADV_X1Y2  | X1Y2         |           1 |               0 |               5.000 | clk_out2_Arty_Z7_20_clk_wiz_0_0 | Arty_Z7_20_i/clk_wiz_0/inst/plle2_adv_inst/CLKOUT1                 | Arty_Z7_20_i/clk_wiz_0/inst/clk_out2_Arty_Z7_20_clk_wiz_0_0   |
| src4      | g6        | PLLE2_ADV/CLKFBOUT | None       | PLLE2_ADV_X1Y2  | X1Y2         |           1 |               0 |               8.000 | clkfbout_Arty_Z7_20_clk_wiz_0_0 | Arty_Z7_20_i/clk_wiz_0/inst/plle2_adv_inst/CLKFBOUT                | Arty_Z7_20_i/clk_wiz_0/inst/clkfbout_Arty_Z7_20_clk_wiz_0_0   |
+-----------+-----------+--------------------+------------+-----------------+--------------+-------------+-----------------+---------------------+---------------------------------+--------------------------------------------------------------------+---------------------------------------------------------------+
* Clock Loads column represents the clock pin loads (pin count)
** Non-Clock Loads column represents the non-clock pin loads (pin count)


4. Clock Regions: Key Resource Utilization
------------------------------------------

+-------------------+--------------+--------------+--------------+--------------+--------------+--------------+--------------+--------------+--------------+--------------+--------------+--------------+--------------+--------------+--------------+
|                   | Global Clock |     BUFRs    |    BUFMRs    |    BUFIOs    |     MMCM     |      PLL     |      GT      |      PCI     |    ILOGIC    |    OLOGIC    |      FF      |     LUTM     |    RAMB18    |    RAMB36    |    DSP48E2   |
+-------------------+------+-------+------+-------+------+-------+------+-------+------+-------+------+-------+------+-------+------+-------+------+-------+------+-------+------+-------+------+-------+------+-------+------+-------+------+-------+
| Clock Region Name | Used | Avail | Used | Avail | Used | Avail | Used | Avail | Used | Avail | Used | Avail | Used | Avail | Used | Avail | Used | Avail | Used | Avail | Used | Avail | Used | Avail | Used | Avail | Used | Avail | Used | Avail |
+-------------------+------+-------+------+-------+------+-------+------+-------+------+-------+------+-------+------+-------+------+-------+------+-------+------+-------+------+-------+------+-------+------+-------+------+-------+------+-------+
| X0Y0              |    2 |    12 |    0 |     4 |    0 |     2 |    0 |     4 |    0 |     1 |    0 |     1 |    0 |     0 |    0 |     0 |    0 |    50 |    0 |    50 | 3692 |  2500 | 1719 |  1000 |    0 |    60 |    6 |    30 |    0 |    60 |
| X1Y0              |    3 |    12 |    0 |     4 |    0 |     2 |    0 |     4 |    0 |     1 |    0 |     1 |    0 |     0 |    0 |     0 |    0 |    50 |    0 |    50 | 1021 |  3200 |  306 |   850 |    0 |    60 |    4 |    30 |    0 |    40 |
| X0Y1              |    3 |    12 |    0 |     0 |    0 |     0 |    0 |     0 |    0 |     0 |    0 |     0 |    0 |     0 |    0 |     0 |    0 |     0 |    0 |     0 | 3149 |  1200 | 1223 |   400 |    0 |    20 |    0 |    10 |    0 |    20 |
| X1Y1              |    6 |    12 |    1 |     4 |    0 |     2 |    1 |     4 |    0 |     1 |    0 |     1 |    0 |     0 |    0 |     0 |    6 |    50 |    0 |    50 | 2878 |  2600 |  874 |   850 |    0 |    60 |    3 |    30 |    0 |    40 |
| X0Y2              |    2 |    12 |    0 |     0 |    0 |     0 |    0 |     0 |    0 |     0 |    0 |     0 |    0 |     0 |    0 |     0 |    0 |     0 |    0 |     0 |  544 |  1200 |  148 |   400 |    0 |    20 |    0 |    10 |    0 |    20 |
| X1Y2              |    5 |    12 |    1 |     4 |    0 |     2 |    1 |     4 |    1 |     1 |    1 |     1 |    0 |     0 |    0 |     0 |    0 |    50 |    8 |    50 | 2435 |  2600 |  768 |   850 |    0 |    60 |    3 |    30 |    0 |    40 |
+-------------------+------+-------+------+-------+------+-------+------+-------+------+-------+------+-------+------+-------+------+-------+------+-------+------+-------+------+-------+------+-------+------+-------+------+-------+------+-------+
* Global Clock column represents track count; while other columns represents cell counts


5. Clock Regions : Global Clock Summary
---------------------------------------

+----+----+----+
|    | X0 | X1 |
+----+----+----+
| Y2 |  2 |  5 |
| Y1 |  3 |  6 |
| Y0 |  2 |  3 |
+----+----+----+


6. Device Cell Placement Summary for Global Clock g0
----------------------------------------------------

+-----------+-----------------+-------------------+------------+-------------+---------------+-------------+----------+----------------+----------+--------------------------------------------------+
| Global Id | Driver Type/Pin | Driver Region (D) | Clock      | Period (ns) | Waveform (ns) | Slice Loads | IO Loads | Clocking Loads | GT Loads | Net                                              |
+-----------+-----------------+-------------------+------------+-------------+---------------+-------------+----------+----------------+----------+--------------------------------------------------+
| g0        | BUFG/O          | n/a               | clk_fpga_1 |       8.461 | {0.000 4.230} |        6458 |        0 |              0 |        0 | Arty_Z7_20_i/processing_system7_0/inst/FCLK_CLK1 |
+-----------+-----------------+-------------------+------------+-------------+---------------+-------------+----------+----------------+----------+--------------------------------------------------+
* Logic Loads column represents load cell count of all cell types other than IO, GT and clock resources
** IO Loads column represents load cell count of IO types
*** Clocking Loads column represents load cell count that are clock resources (global clock buffer, MMCM, PLL, etc)
**** GT Loads column represents load cell count of GT types


+----+-------+------+
|    | X0    | X1   |
+----+-------+------+
| Y2 |    88 |   13 |
| Y1 |  1258 |  628 |
| Y0 |  3734 |  737 |
+----+-------+------+


7. Device Cell Placement Summary for Global Clock g1
----------------------------------------------------

+-----------+-----------------+-------------------+------------+-------------+---------------+-------------+----------+----------------+----------+--------------------------------------------------+
| Global Id | Driver Type/Pin | Driver Region (D) | Clock      | Period (ns) | Waveform (ns) | Slice Loads | IO Loads | Clocking Loads | GT Loads | Net                                              |
+-----------+-----------------+-------------------+------------+-------------+---------------+-------------+----------+----------------+----------+--------------------------------------------------+
| g1        | BUFG/O          | n/a               | clk_fpga_0 |      10.000 | {0.000 5.000} |        2839 |        0 |              1 |        0 | Arty_Z7_20_i/processing_system7_0/inst/FCLK_CLK0 |
+-----------+-----------------+-------------------+------------+-------------+---------------+-------------+----------+----------------+----------+--------------------------------------------------+
* Logic Loads column represents load cell count of all cell types other than IO, GT and clock resources
** IO Loads column represents load cell count of IO types
*** Clocking Loads column represents load cell count that are clock resources (global clock buffer, MMCM, PLL, etc)
**** GT Loads column represents load cell count of GT types


+----+-------+------+
|    | X0    | X1   |
+----+-------+------+
| Y2 |   477 |  283 |
| Y1 |  1090 |  732 |
| Y0 |   146 |  112 |
+----+-------+------+


8. Device Cell Placement Summary for Global Clock g2
----------------------------------------------------

+-----------+-----------------+-------------------+-------+-------------+---------------+-------------+----------+----------------+----------+-----------------------------------------------------------+
| Global Id | Driver Type/Pin | Driver Region (D) | Clock | Period (ns) | Waveform (ns) | Slice Loads | IO Loads | Clocking Loads | GT Loads | Net                                                       |
+-----------+-----------------+-------------------+-------+-------------+---------------+-------------+----------+----------------+----------+-----------------------------------------------------------+
| g2        | BUFG/O          | n/a               |       |             |               |        2218 |        0 |              0 |        0 | Arty_Z7_20_i/dvi2rgb_0/U0/GenerateBUFG.ResyncToBUFG_X/CLK |
+-----------+-----------------+-------------------+-------+-------------+---------------+-------------+----------+----------------+----------+-----------------------------------------------------------+
* Logic Loads column represents load cell count of all cell types other than IO, GT and clock resources
** IO Loads column represents load cell count of IO types
*** Clocking Loads column represents load cell count that are clock resources (global clock buffer, MMCM, PLL, etc)
**** GT Loads column represents load cell count of GT types


+----+------+-------+
|    | X0   | X1    |
+----+------+-------+
| Y2 |    0 |     0 |
| Y1 |  981 |  1057 |
| Y0 |    0 |   180 |
+----+------+-------+


9. Device Cell Placement Summary for Global Clock g3
----------------------------------------------------

+-----------+-----------------+-------------------+------------------------+-------------+---------------+-------------+----------+----------------+----------+----------------------------------------+
| Global Id | Driver Type/Pin | Driver Region (D) | Clock                  | Period (ns) | Waveform (ns) | Slice Loads | IO Loads | Clocking Loads | GT Loads | Net                                    |
+-----------+-----------------+-------------------+------------------------+-------------+---------------+-------------+----------+----------------+----------+----------------------------------------+
| g3        | BUFR/O          | X1Y2              | axi_dynclk_0_PXL_CLK_O |      10.000 | {0.000 4.000} |        2153 |        8 |              0 |        0 | Arty_Z7_20_i/axi_dynclk_0/U0/PXL_CLK_O |
+-----------+-----------------+-------------------+------------------------+-------------+---------------+-------------+----------+----------------+----------+----------------------------------------+
* Logic Loads column represents load cell count of all cell types other than IO, GT and clock resources
** IO Loads column represents load cell count of IO types
*** Clocking Loads column represents load cell count that are clock resources (global clock buffer, MMCM, PLL, etc)
**** GT Loads column represents load cell count of GT types


+----+----+-----------+
|    | X0 | X1        |
+----+----+-----------+
| Y2 |  0 |  (D) 2161 |
| Y1 |  0 |         0 |
| Y0 |  0 |         0 |
+----+----+-----------+


10. Device Cell Placement Summary for Global Clock g4
-----------------------------------------------------

+-----------+-----------------+-------------------+-------+-------------+---------------+-------------+----------+----------------+----------+-------------------------------------------------------+
| Global Id | Driver Type/Pin | Driver Region (D) | Clock | Period (ns) | Waveform (ns) | Slice Loads | IO Loads | Clocking Loads | GT Loads | Net                                                   |
+-----------+-----------------+-------------------+-------+-------------+---------------+-------------+----------+----------------+----------+-------------------------------------------------------+
| g4        | BUFR/O          | X1Y1              |       |             |               |         310 |        6 |              1 |        0 | Arty_Z7_20_i/dvi2rgb_0/U0/TMDS_ClockingX/PixelClk_int |
+-----------+-----------------+-------------------+-------+-------------+---------------+-------------+----------+----------------+----------+-------------------------------------------------------+
* Logic Loads column represents load cell count of all cell types other than IO, GT and clock resources
** IO Loads column represents load cell count of IO types
*** Clocking Loads column represents load cell count that are clock resources (global clock buffer, MMCM, PLL, etc)
**** GT Loads column represents load cell count of GT types


+----+----+----------+
|    | X0 | X1       |
+----+----+----------+
| Y2 |  0 |        0 |
| Y1 |  0 |  (D) 316 |
| Y0 |  0 |        0 |
+----+----+----------+


11. Device Cell Placement Summary for Global Clock g5
-----------------------------------------------------

+-----------+-----------------+-------------------+---------------------------------+-------------+---------------+-------------+----------+----------------+----------+--------------------------------------+
| Global Id | Driver Type/Pin | Driver Region (D) | Clock                           | Period (ns) | Waveform (ns) | Slice Loads | IO Loads | Clocking Loads | GT Loads | Net                                  |
+-----------+-----------------+-------------------+---------------------------------+-------------+---------------+-------------+----------+----------------+----------+--------------------------------------+
| g5        | BUFG/O          | n/a               | clk_out2_Arty_Z7_20_clk_wiz_0_0 |       5.000 | {0.000 2.500} |         162 |        0 |              0 |        0 | Arty_Z7_20_i/clk_wiz_0/inst/clk_out2 |
+-----------+-----------------+-------------------+---------------------------------+-------------+---------------+-------------+----------+----------------+----------+--------------------------------------+
* Logic Loads column represents load cell count of all cell types other than IO, GT and clock resources
** IO Loads column represents load cell count of IO types
*** Clocking Loads column represents load cell count that are clock resources (global clock buffer, MMCM, PLL, etc)
**** GT Loads column represents load cell count of GT types


+----+----+------+
|    | X0 | X1   |
+----+----+------+
| Y2 |  0 |    0 |
| Y1 |  0 |  162 |
| Y0 |  0 |    0 |
+----+----+------+


12. Device Cell Placement Summary for Global Clock g6
-----------------------------------------------------

+-----------+-----------------+-------------------+---------------------------------+-------------+---------------+-------------+----------+----------------+----------+-----------------------------------------------------------------+
| Global Id | Driver Type/Pin | Driver Region (D) | Clock                           | Period (ns) | Waveform (ns) | Slice Loads | IO Loads | Clocking Loads | GT Loads | Net                                                             |
+-----------+-----------------+-------------------+---------------------------------+-------------+---------------+-------------+----------+----------------+----------+-----------------------------------------------------------------+
| g6        | BUFG/O          | n/a               | clkfbout_Arty_Z7_20_clk_wiz_0_0 |       8.000 | {0.000 4.000} |           0 |        0 |              1 |        0 | Arty_Z7_20_i/clk_wiz_0/inst/clkfbout_buf_Arty_Z7_20_clk_wiz_0_0 |
+-----------+-----------------+-------------------+---------------------------------+-------------+---------------+-------------+----------+----------------+----------+-----------------------------------------------------------------+
* Logic Loads column represents load cell count of all cell types other than IO, GT and clock resources
** IO Loads column represents load cell count of IO types
*** Clocking Loads column represents load cell count that are clock resources (global clock buffer, MMCM, PLL, etc)
**** GT Loads column represents load cell count of GT types


+----+----+----+
|    | X0 | X1 |
+----+----+----+
| Y2 |  0 |  1 |
| Y1 |  0 |  0 |
| Y0 |  0 |  0 |
+----+----+----+


13. Clock Region Cell Placement per Global Clock: Region X0Y0
-------------------------------------------------------------

+-----------+-------+-----------------+------------+-------------+-----------------+------+--------+------+-----+----+------+-----+---------+--------------------------------------------------+
| Global Id | Track | Driver Type/Pin | Constraint | Clock Loads | Non-Clock Loads | FF   | LUTRAM | RAMB | DSP | GT | MMCM | PLL | Hard IP | Net                                              |
+-----------+-------+-----------------+------------+-------------+-----------------+------+--------+------+-----+----+------+-----+---------+--------------------------------------------------+
| g0        | n/a   | BUFG/O          | None       |        3734 |               0 | 3546 |    180 |    6 |   0 |  0 |    0 |   0 |       0 | Arty_Z7_20_i/processing_system7_0/inst/FCLK_CLK1 |
| g1        | n/a   | BUFG/O          | None       |         146 |               0 |  146 |      0 |    0 |   0 |  0 |    0 |   0 |       0 | Arty_Z7_20_i/processing_system7_0/inst/FCLK_CLK0 |
+-----------+-------+-----------------+------------+-------------+-----------------+------+--------+------+-----+----+------+-----+---------+--------------------------------------------------+
* Clock Loads column represents the clock pin loads (pin count)
** Non-Clock Loads column represents the non-clock pin loads (pin count)
*** Columns FF, LUTRAM, RAMB through 'Hard IP' represents load cell counts


14. Clock Region Cell Placement per Global Clock: Region X1Y0
-------------------------------------------------------------

+-----------+-------+-----------------+------------+-------------+-----------------+-----+--------+------+-----+----+------+-----+---------+-----------------------------------------------------------+
| Global Id | Track | Driver Type/Pin | Constraint | Clock Loads | Non-Clock Loads | FF  | LUTRAM | RAMB | DSP | GT | MMCM | PLL | Hard IP | Net                                                       |
+-----------+-------+-----------------+------------+-------------+-----------------+-----+--------+------+-----+----+------+-----+---------+-----------------------------------------------------------+
| g0        | n/a   | BUFG/O          | None       |         737 |               0 | 732 |      0 |    4 |   0 |  0 |    0 |   0 |       0 | Arty_Z7_20_i/processing_system7_0/inst/FCLK_CLK1          |
| g1        | n/a   | BUFG/O          | None       |         112 |               0 | 112 |      0 |    0 |   0 |  0 |    0 |   0 |       0 | Arty_Z7_20_i/processing_system7_0/inst/FCLK_CLK0          |
| g2        | n/a   | BUFG/O          | None       |         180 |               0 | 177 |      0 |    3 |   0 |  0 |    0 |   0 |       0 | Arty_Z7_20_i/dvi2rgb_0/U0/GenerateBUFG.ResyncToBUFG_X/CLK |
+-----------+-------+-----------------+------------+-------------+-----------------+-----+--------+------+-----+----+------+-----+---------+-----------------------------------------------------------+
* Clock Loads column represents the clock pin loads (pin count)
** Non-Clock Loads column represents the non-clock pin loads (pin count)
*** Columns FF, LUTRAM, RAMB through 'Hard IP' represents load cell counts


15. Clock Region Cell Placement per Global Clock: Region X0Y1
-------------------------------------------------------------

+-----------+-------+-----------------+------------+-------------+-----------------+------+--------+------+-----+----+------+-----+---------+-----------------------------------------------------------+
| Global Id | Track | Driver Type/Pin | Constraint | Clock Loads | Non-Clock Loads | FF   | LUTRAM | RAMB | DSP | GT | MMCM | PLL | Hard IP | Net                                                       |
+-----------+-------+-----------------+------------+-------------+-----------------+------+--------+------+-----+----+------+-----+---------+-----------------------------------------------------------+
| g0        | n/a   | BUFG/O          | None       |        1258 |               0 | 1133 |    125 |    0 |   0 |  0 |    0 |   0 |       0 | Arty_Z7_20_i/processing_system7_0/inst/FCLK_CLK1          |
| g1        | n/a   | BUFG/O          | None       |        1090 |               0 | 1039 |     51 |    0 |   0 |  0 |    0 |   0 |       0 | Arty_Z7_20_i/processing_system7_0/inst/FCLK_CLK0          |
| g2        | n/a   | BUFG/O          | None       |         981 |               0 |  977 |      4 |    0 |   0 |  0 |    0 |   0 |       0 | Arty_Z7_20_i/dvi2rgb_0/U0/GenerateBUFG.ResyncToBUFG_X/CLK |
+-----------+-------+-----------------+------------+-------------+-----------------+------+--------+------+-----+----+------+-----+---------+-----------------------------------------------------------+
* Clock Loads column represents the clock pin loads (pin count)
** Non-Clock Loads column represents the non-clock pin loads (pin count)
*** Columns FF, LUTRAM, RAMB through 'Hard IP' represents load cell counts


16. Clock Region Cell Placement per Global Clock: Region X1Y1
-------------------------------------------------------------

+-----------+-------+-----------------+------------+-------------+-----------------+------+--------+------+-----+----+------+-----+---------+-----------------------------------------------------------+
| Global Id | Track | Driver Type/Pin | Constraint | Clock Loads | Non-Clock Loads | FF   | LUTRAM | RAMB | DSP | GT | MMCM | PLL | Hard IP | Net                                                       |
+-----------+-------+-----------------+------------+-------------+-----------------+------+--------+------+-----+----+------+-----+---------+-----------------------------------------------------------+
| g0        | n/a   | BUFG/O          | None       |         628 |               0 |  624 |      1 |    3 |   0 |  0 |    0 |   0 |       0 | Arty_Z7_20_i/processing_system7_0/inst/FCLK_CLK1          |
| g1        | n/a   | BUFG/O          | None       |         732 |               0 |  732 |      0 |    0 |   0 |  0 |    0 |   0 |       0 | Arty_Z7_20_i/processing_system7_0/inst/FCLK_CLK0          |
| g2        | n/a   | BUFG/O          | None       |        1057 |               0 | 1054 |      3 |    0 |   0 |  0 |    0 |   0 |       0 | Arty_Z7_20_i/dvi2rgb_0/U0/GenerateBUFG.ResyncToBUFG_X/CLK |
| g4        | n/a   | BUFR/O          | None       |         316 |               0 |  307 |      0 |    0 |   0 |  0 |    0 |   0 |       0 | Arty_Z7_20_i/dvi2rgb_0/U0/TMDS_ClockingX/PixelClk_int     |
| g5        | n/a   | BUFG/O          | None       |         162 |               0 |  161 |      0 |    0 |   0 |  0 |    0 |   0 |       0 | Arty_Z7_20_i/clk_wiz_0/inst/clk_out2                      |
+-----------+-------+-----------------+------------+-------------+-----------------+------+--------+------+-----+----+------+-----+---------+-----------------------------------------------------------+
* Clock Loads column represents the clock pin loads (pin count)
** Non-Clock Loads column represents the non-clock pin loads (pin count)
*** Columns FF, LUTRAM, RAMB through 'Hard IP' represents load cell counts


17. Clock Region Cell Placement per Global Clock: Region X0Y2
-------------------------------------------------------------

+-----------+-------+-----------------+------------+-------------+-----------------+-----+--------+------+-----+----+------+-----+---------+--------------------------------------------------+
| Global Id | Track | Driver Type/Pin | Constraint | Clock Loads | Non-Clock Loads | FF  | LUTRAM | RAMB | DSP | GT | MMCM | PLL | Hard IP | Net                                              |
+-----------+-------+-----------------+------------+-------------+-----------------+-----+--------+------+-----+----+------+-----+---------+--------------------------------------------------+
| g0        | n/a   | BUFG/O          | None       |          88 |               0 |  87 |      0 |    0 |   0 |  0 |    0 |   0 |       0 | Arty_Z7_20_i/processing_system7_0/inst/FCLK_CLK1 |
| g1        | n/a   | BUFG/O          | None       |         477 |               0 | 457 |     19 |    0 |   0 |  0 |    0 |   0 |       0 | Arty_Z7_20_i/processing_system7_0/inst/FCLK_CLK0 |
+-----------+-------+-----------------+------------+-------------+-----------------+-----+--------+------+-----+----+------+-----+---------+--------------------------------------------------+
* Clock Loads column represents the clock pin loads (pin count)
** Non-Clock Loads column represents the non-clock pin loads (pin count)
*** Columns FF, LUTRAM, RAMB through 'Hard IP' represents load cell counts


18. Clock Region Cell Placement per Global Clock: Region X1Y2
-------------------------------------------------------------

+-----------+-------+-----------------+------------+-------------+-----------------+------+--------+------+-----+----+------+-----+---------+-----------------------------------------------------------------+
| Global Id | Track | Driver Type/Pin | Constraint | Clock Loads | Non-Clock Loads | FF   | LUTRAM | RAMB | DSP | GT | MMCM | PLL | Hard IP | Net                                                             |
+-----------+-------+-----------------+------------+-------------+-----------------+------+--------+------+-----+----+------+-----+---------+-----------------------------------------------------------------+
| g0        | n/a   | BUFG/O          | None       |          13 |               0 |   10 |      0 |    3 |   0 |  0 |    0 |   0 |       0 | Arty_Z7_20_i/processing_system7_0/inst/FCLK_CLK1                |
| g1        | n/a   | BUFG/O          | None       |         283 |               0 |  281 |      0 |    0 |   0 |  0 |    1 |   0 |       0 | Arty_Z7_20_i/processing_system7_0/inst/FCLK_CLK0                |
| g3        | n/a   | BUFR/O          | None       |        2161 |               0 | 2144 |      6 |    3 |   0 |  0 |    0 |   0 |       0 | Arty_Z7_20_i/axi_dynclk_0/U0/PXL_CLK_O                          |
| g6        | n/a   | BUFG/O          | None       |           1 |               0 |    0 |      0 |    0 |   0 |  0 |    0 |   1 |       0 | Arty_Z7_20_i/clk_wiz_0/inst/clkfbout_buf_Arty_Z7_20_clk_wiz_0_0 |
+-----------+-------+-----------------+------------+-------------+-----------------+------+--------+------+-----+----+------+-----+---------+-----------------------------------------------------------------+
* Clock Loads column represents the clock pin loads (pin count)
** Non-Clock Loads column represents the non-clock pin loads (pin count)
*** Columns FF, LUTRAM, RAMB through 'Hard IP' represents load cell counts



# Location of BUFG Primitives 
set_property LOC BUFGCTRL_X0Y16 [get_cells Arty_Z7_20_i/processing_system7_0/inst/buffer_fclk_clk_1.FCLK_CLK_1_BUFG]
set_property LOC BUFGCTRL_X0Y17 [get_cells Arty_Z7_20_i/processing_system7_0/inst/buffer_fclk_clk_0.FCLK_CLK_0_BUFG]
set_property LOC BUFGCTRL_X0Y19 [get_cells Arty_Z7_20_i/dvi2rgb_0/U0/GenerateBUFG.ResyncToBUFG_X/InstBUFG]
set_property LOC BUFGCTRL_X0Y20 [get_cells Arty_Z7_20_i/clk_wiz_0/inst/clkf_buf]
set_property LOC BUFGCTRL_X0Y18 [get_cells Arty_Z7_20_i/clk_wiz_0/inst/clkout2_buf]

# Location of BUFIO Primitives 
set_property LOC BUFIO_X1Y5 [get_cells Arty_Z7_20_i/dvi2rgb_0/U0/TMDS_ClockingX/SerialClkBuffer]
set_property LOC BUFIO_X1Y9 [get_cells Arty_Z7_20_i/axi_dynclk_0/U0/BUFIO_inst]

# Location of BUFR Primitives 
set_property LOC BUFR_X1Y5 [get_cells Arty_Z7_20_i/dvi2rgb_0/U0/TMDS_ClockingX/PixelClkBuffer]
set_property LOC BUFR_X1Y9 [get_cells Arty_Z7_20_i/axi_dynclk_0/U0/BUFR_inst]

# Location of IO Primitives which is load of clock spine

# Location of clock ports
set_property LOC IOB_X1Y73 [get_ports TMDS_In_clk_n]
set_property LOC IOB_X1Y74 [get_ports TMDS_In_clk_p]
set_property LOC IOB_X1Y124 [get_ports sys_clock]

# Clock net "Arty_Z7_20_i/processing_system7_0/inst/FCLK_CLK1" driven by instance "Arty_Z7_20_i/processing_system7_0/inst/buffer_fclk_clk_1.FCLK_CLK_1_BUFG" located at site "BUFGCTRL_X0Y16"
#startgroup
create_pblock {CLKAG_Arty_Z7_20_i/processing_system7_0/inst/FCLK_CLK1}
add_cells_to_pblock [get_pblocks  {CLKAG_Arty_Z7_20_i/processing_system7_0/inst/FCLK_CLK1}] [get_cells -filter { PRIMITIVE_GROUP != I/O && IS_PRIMITIVE==1 && PRIMITIVE_LEVEL !=INTERNAL } -of_object [get_pins -filter {DIRECTION==IN} -of_objects [get_nets -hierarchical -filter {PARENT=="Arty_Z7_20_i/processing_system7_0/inst/FCLK_CLK1"}]]]
resize_pblock [get_pblocks {CLKAG_Arty_Z7_20_i/processing_system7_0/inst/FCLK_CLK1}] -add {CLOCKREGION_X0Y0:CLOCKREGION_X0Y0 CLOCKREGION_X0Y1:CLOCKREGION_X0Y1 CLOCKREGION_X0Y2:CLOCKREGION_X0Y2 CLOCKREGION_X1Y0:CLOCKREGION_X1Y0 CLOCKREGION_X1Y1:CLOCKREGION_X1Y1 CLOCKREGION_X1Y2:CLOCKREGION_X1Y2}
#endgroup

# Clock net "Arty_Z7_20_i/processing_system7_0/inst/FCLK_CLK0" driven by instance "Arty_Z7_20_i/processing_system7_0/inst/buffer_fclk_clk_0.FCLK_CLK_0_BUFG" located at site "BUFGCTRL_X0Y17"
#startgroup
create_pblock {CLKAG_Arty_Z7_20_i/processing_system7_0/inst/FCLK_CLK0}
add_cells_to_pblock [get_pblocks  {CLKAG_Arty_Z7_20_i/processing_system7_0/inst/FCLK_CLK0}] [get_cells -filter { PRIMITIVE_GROUP != I/O && IS_PRIMITIVE==1 && PRIMITIVE_LEVEL !=INTERNAL && NAME!=Arty_Z7_20_i/axi_dynclk_0/U0/Inst_mmcme2_drp/mmcm_adv_inst} -of_object [get_pins -filter {DIRECTION==IN} -of_objects [get_nets -hierarchical -filter {PARENT=="Arty_Z7_20_i/processing_system7_0/inst/FCLK_CLK0"}]]]
resize_pblock [get_pblocks {CLKAG_Arty_Z7_20_i/processing_system7_0/inst/FCLK_CLK0}] -add {CLOCKREGION_X0Y0:CLOCKREGION_X0Y0 CLOCKREGION_X0Y1:CLOCKREGION_X0Y1 CLOCKREGION_X0Y2:CLOCKREGION_X0Y2 CLOCKREGION_X1Y0:CLOCKREGION_X1Y0 CLOCKREGION_X1Y1:CLOCKREGION_X1Y1 CLOCKREGION_X1Y2:CLOCKREGION_X1Y2}
#endgroup

# Clock net "Arty_Z7_20_i/dvi2rgb_0/U0/TMDS_ClockingX/PixelClk_int" driven by instance "Arty_Z7_20_i/dvi2rgb_0/U0/TMDS_ClockingX/PixelClkBuffer" located at site "BUFR_X1Y5"
#startgroup
create_pblock {CLKAG_Arty_Z7_20_i/dvi2rgb_0/U0/TMDS_ClockingX/PixelClk_int}
add_cells_to_pblock [get_pblocks  {CLKAG_Arty_Z7_20_i/dvi2rgb_0/U0/TMDS_ClockingX/PixelClk_int}] [get_cells -filter { PRIMITIVE_GROUP != I/O && IS_PRIMITIVE==1 && PRIMITIVE_LEVEL !=INTERNAL && NAME!=Arty_Z7_20_i/dvi2rgb_0/U0/GenerateBUFG.ResyncToBUFG_X/InstBUFG} -of_object [get_pins -filter {DIRECTION==IN} -of_objects [get_nets -hierarchical -filter {PARENT=="Arty_Z7_20_i/dvi2rgb_0/U0/TMDS_ClockingX/PixelClk_int"}]]]
resize_pblock [get_pblocks {CLKAG_Arty_Z7_20_i/dvi2rgb_0/U0/TMDS_ClockingX/PixelClk_int}] -add {CLOCKREGION_X1Y1:CLOCKREGION_X1Y1}
#endgroup

# Clock net "Arty_Z7_20_i/dvi2rgb_0/U0/GenerateBUFG.ResyncToBUFG_X/CLK" driven by instance "Arty_Z7_20_i/dvi2rgb_0/U0/GenerateBUFG.ResyncToBUFG_X/InstBUFG" located at site "BUFGCTRL_X0Y19"
#startgroup
create_pblock {CLKAG_Arty_Z7_20_i/dvi2rgb_0/U0/GenerateBUFG.ResyncToBUFG_X/CLK}
add_cells_to_pblock [get_pblocks  {CLKAG_Arty_Z7_20_i/dvi2rgb_0/U0/GenerateBUFG.ResyncToBUFG_X/CLK}] [get_cells -filter { PRIMITIVE_GROUP != I/O && IS_PRIMITIVE==1 && PRIMITIVE_LEVEL !=INTERNAL } -of_object [get_pins -filter {DIRECTION==IN} -of_objects [get_nets -hierarchical -filter {PARENT=="Arty_Z7_20_i/dvi2rgb_0/U0/GenerateBUFG.ResyncToBUFG_X/CLK"}]]]
resize_pblock [get_pblocks {CLKAG_Arty_Z7_20_i/dvi2rgb_0/U0/GenerateBUFG.ResyncToBUFG_X/CLK}] -add {CLOCKREGION_X0Y1:CLOCKREGION_X0Y1 CLOCKREGION_X1Y0:CLOCKREGION_X1Y0 CLOCKREGION_X1Y1:CLOCKREGION_X1Y1}
#endgroup

# Clock net "Arty_Z7_20_i/clk_wiz_0/inst/clk_out2" driven by instance "Arty_Z7_20_i/clk_wiz_0/inst/clkout2_buf" located at site "BUFGCTRL_X0Y18"
#startgroup
create_pblock {CLKAG_Arty_Z7_20_i/clk_wiz_0/inst/clk_out2}
add_cells_to_pblock [get_pblocks  {CLKAG_Arty_Z7_20_i/clk_wiz_0/inst/clk_out2}] [get_cells -filter { PRIMITIVE_GROUP != I/O && IS_PRIMITIVE==1 && PRIMITIVE_LEVEL !=INTERNAL } -of_object [get_pins -filter {DIRECTION==IN} -of_objects [get_nets -hierarchical -filter {PARENT=="Arty_Z7_20_i/clk_wiz_0/inst/clk_out2"}]]]
resize_pblock [get_pblocks {CLKAG_Arty_Z7_20_i/clk_wiz_0/inst/clk_out2}] -add {CLOCKREGION_X1Y1:CLOCKREGION_X1Y1}
#endgroup

# Clock net "Arty_Z7_20_i/axi_dynclk_0/U0/PXL_CLK_O" driven by instance "Arty_Z7_20_i/axi_dynclk_0/U0/BUFR_inst" located at site "BUFR_X1Y9"
#startgroup
create_pblock {CLKAG_Arty_Z7_20_i/axi_dynclk_0/U0/PXL_CLK_O}
add_cells_to_pblock [get_pblocks  {CLKAG_Arty_Z7_20_i/axi_dynclk_0/U0/PXL_CLK_O}] [get_cells -filter { PRIMITIVE_GROUP != I/O && IS_PRIMITIVE==1 && PRIMITIVE_LEVEL !=INTERNAL } -of_object [get_pins -filter {DIRECTION==IN} -of_objects [get_nets -hierarchical -filter {PARENT=="Arty_Z7_20_i/axi_dynclk_0/U0/PXL_CLK_O"}]]]
resize_pblock [get_pblocks {CLKAG_Arty_Z7_20_i/axi_dynclk_0/U0/PXL_CLK_O}] -add {CLOCKREGION_X1Y2:CLOCKREGION_X1Y2}
#endgroup
