Copyright 1986-2017 Xilinx, Inc. All Rights Reserved.
---------------------------------------------------------------------------------------------------------------------------------
| Tool Version : Vivado v.2017.1_sdx (lin64) Build 1915620 Thu Jun 22 17:54:59 MDT 2017
| Date         : Fri Jul 28 23:54:26 2017
| Host         : ubuntu running 64-bit Ubuntu 16.04.2 LTS
| Command      : report_utilization -file Arty_Z7_20_wrapper_utilization_placed.rpt -pb Arty_Z7_20_wrapper_utilization_placed.pb
| Design       : Arty_Z7_20_wrapper
| Device       : 7z020clg400-1
| Design State : Fully Placed
---------------------------------------------------------------------------------------------------------------------------------

Utilization Design Information

Table of Contents
-----------------
1. Slice Logic
1.1 Summary of Registers by Type
2. Slice Logic Distribution
3. Memory
4. DSP
5. IO and GT Specific
6. Clocking
7. Specific Feature
8. Primitives
9. Black Boxes
10. Instantiated Netlists

1. Slice Logic
--------------

+----------------------------+-------+-------+-----------+-------+
|          Site Type         |  Used | Fixed | Available | Util% |
+----------------------------+-------+-------+-----------+-------+
| Slice LUTs                 |  7765 |     0 |     53200 | 14.60 |
|   LUT as Logic             |  7383 |     0 |     53200 | 13.88 |
|   LUT as Memory            |   382 |     0 |     17400 |  2.20 |
|     LUT as Distributed RAM |   130 |     0 |           |       |
|     LUT as Shift Register  |   252 |     0 |           |       |
| Slice Registers            | 13719 |     0 |    106400 | 12.89 |
|   Register as Flip Flop    | 13719 |     0 |    106400 | 12.89 |
|   Register as Latch        |     0 |     0 |    106400 |  0.00 |
| F7 Muxes                   |   273 |     0 |     26600 |  1.03 |
| F8 Muxes                   |     0 |     0 |     13300 |  0.00 |
+----------------------------+-------+-------+-----------+-------+


1.1 Summary of Registers by Type
--------------------------------

+-------+--------------+-------------+--------------+
| Total | Clock Enable | Synchronous | Asynchronous |
+-------+--------------+-------------+--------------+
| 0     |            _ |           - |            - |
| 0     |            _ |           - |          Set |
| 0     |            _ |           - |        Reset |
| 0     |            _ |         Set |            - |
| 0     |            _ |       Reset |            - |
| 0     |          Yes |           - |            - |
| 286   |          Yes |           - |          Set |
| 455   |          Yes |           - |        Reset |
| 632   |          Yes |         Set |            - |
| 12346 |          Yes |       Reset |            - |
+-------+--------------+-------------+--------------+


2. Slice Logic Distribution
---------------------------

+-------------------------------------------+------+-------+-----------+-------+
|                 Site Type                 | Used | Fixed | Available | Util% |
+-------------------------------------------+------+-------+-----------+-------+
| Slice                                     | 4257 |     0 |     13300 | 32.01 |
|   SLICEL                                  | 2828 |     0 |           |       |
|   SLICEM                                  | 1429 |     0 |           |       |
| LUT as Logic                              | 7383 |     0 |     53200 | 13.88 |
|   using O5 output only                    |    1 |       |           |       |
|   using O6 output only                    | 5792 |       |           |       |
|   using O5 and O6                         | 1590 |       |           |       |
| LUT as Memory                             |  382 |     0 |     17400 |  2.20 |
|   LUT as Distributed RAM                  |  130 |     0 |           |       |
|     using O5 output only                  |    0 |       |           |       |
|     using O6 output only                  |    2 |       |           |       |
|     using O5 and O6                       |  128 |       |           |       |
|   LUT as Shift Register                   |  252 |     0 |           |       |
|     using O5 output only                  |   18 |       |           |       |
|     using O6 output only                  |   97 |       |           |       |
|     using O5 and O6                       |  137 |       |           |       |
| LUT Flip Flop Pairs                       | 4515 |     0 |     53200 |  8.49 |
|   fully used LUT-FF pairs                 | 1095 |       |           |       |
|   LUT-FF pairs with one unused LUT output | 3211 |       |           |       |
|   LUT-FF pairs with one unused Flip Flop  | 2941 |       |           |       |
| Unique Control Sets                       |  614 |       |           |       |
+-------------------------------------------+------+-------+-----------+-------+
* Note: Review the Control Sets Report for more information regarding control sets.


3. Memory
---------

+-------------------+------+-------+-----------+-------+
|     Site Type     | Used | Fixed | Available | Util% |
+-------------------+------+-------+-----------+-------+
| Block RAM Tile    | 17.5 |     0 |       140 | 12.50 |
|   RAMB36/FIFO*    |   16 |     0 |       140 | 11.43 |
|     FIFO36E1 only |    6 |       |           |       |
|     RAMB36E1 only |   10 |       |           |       |
|   RAMB18          |    3 |     0 |       280 |  1.07 |
|     RAMB18E1 only |    3 |       |           |       |
+-------------------+------+-------+-----------+-------+
* Note: Each Block RAM Tile only has one FIFO logic available and therefore can accommodate only one FIFO36E1 or one FIFO18E1. However, if a FIFO18E1 occupies a Block RAM Tile, that tile can still accommodate a RAMB18E1


4. DSP
------

+-----------+------+-------+-----------+-------+
| Site Type | Used | Fixed | Available | Util% |
+-----------+------+-------+-----------+-------+
| DSPs      |    0 |     0 |       220 |  0.00 |
+-----------+------+-------+-----------+-------+


5. IO and GT Specific
---------------------

+-----------------------------+------+-------+-----------+--------+
|          Site Type          | Used | Fixed | Available |  Util% |
+-----------------------------+------+-------+-----------+--------+
| Bonded IOB                  |   93 |    93 |       125 |  74.40 |
|   IOB Master Pads           |   45 |       |           |        |
|   IOB Slave Pads            |   45 |       |           |        |
| Bonded IPADs                |    2 |     2 |         2 | 100.00 |
| Bonded IOPADs               |  130 |   130 |       130 | 100.00 |
| PHY_CONTROL                 |    0 |     0 |         4 |   0.00 |
| PHASER_REF                  |    0 |     0 |         4 |   0.00 |
| OUT_FIFO                    |    0 |     0 |        16 |   0.00 |
| IN_FIFO                     |    0 |     0 |        16 |   0.00 |
| IDELAYCTRL                  |    1 |     0 |         4 |  25.00 |
| IBUFDS                      |    4 |     4 |       121 |   3.31 |
| PHASER_OUT/PHASER_OUT_PHY   |    0 |     0 |        16 |   0.00 |
| PHASER_IN/PHASER_IN_PHY     |    0 |     0 |        16 |   0.00 |
| IDELAYE2/IDELAYE2_FINEDELAY |    3 |     3 |       200 |   1.50 |
|   IDELAYE2 only             |    3 |     3 |           |        |
| ILOGIC                      |    6 |     6 |       125 |   4.80 |
|   ISERDES                   |    6 |     6 |           |        |
| OLOGIC                      |    8 |     8 |       125 |   6.40 |
|   OSERDES                   |    8 |     8 |           |        |
+-----------------------------+------+-------+-----------+--------+


6. Clocking
-----------

+--------------+------+-------+-----------+-------+
|   Site Type  | Used | Fixed | Available | Util% |
+--------------+------+-------+-----------+-------+
| BUFGCTRL     |    5 |     0 |        32 | 15.63 |
| BUFIO        |    2 |     0 |        16 | 12.50 |
|   BUFIO only |    2 |     0 |           |       |
| MMCME2_ADV   |    2 |     0 |         4 | 50.00 |
| PLLE2_ADV    |    1 |     0 |         4 | 25.00 |
| BUFMRCE      |    0 |     0 |         8 |  0.00 |
| BUFHCE       |    0 |     0 |        72 |  0.00 |
| BUFR         |    2 |     0 |        16 | 12.50 |
+--------------+------+-------+-----------+-------+


7. Specific Feature
-------------------

+-------------+------+-------+-----------+--------+
|  Site Type  | Used | Fixed | Available |  Util% |
+-------------+------+-------+-----------+--------+
| BSCANE2     |    0 |     0 |         4 |   0.00 |
| CAPTUREE2   |    0 |     0 |         1 |   0.00 |
| DNA_PORT    |    0 |     0 |         1 |   0.00 |
| EFUSE_USR   |    0 |     0 |         1 |   0.00 |
| FRAME_ECCE2 |    0 |     0 |         1 |   0.00 |
| ICAPE2      |    0 |     0 |         2 |   0.00 |
| STARTUPE2   |    0 |     0 |         1 |   0.00 |
| XADC        |    1 |     1 |         1 | 100.00 |
+-------------+------+-------+-----------+--------+


8. Primitives
-------------

+------------+-------+----------------------+
|  Ref Name  |  Used |  Functional Category |
+------------+-------+----------------------+
| FDRE       | 12346 |         Flop & Latch |
| LUT3       |  2091 |                  LUT |
| LUT6       |  1978 |                  LUT |
| LUT5       |  1728 |                  LUT |
| LUT2       |  1476 |                  LUT |
| LUT4       |  1361 |                  LUT |
| FDSE       |   632 |         Flop & Latch |
| FDCE       |   455 |         Flop & Latch |
| SRL16E     |   342 |   Distributed Memory |
| LUT1       |   339 |                  LUT |
| CARRY4     |   317 |           CarryLogic |
| FDPE       |   286 |         Flop & Latch |
| MUXF7      |   273 |                MuxFx |
| RAMD32     |   194 |   Distributed Memory |
| BIBUF      |   130 |                   IO |
| IBUF       |    78 |                   IO |
| RAMS32     |    64 |   Distributed Memory |
| OBUFT      |    50 |                   IO |
| SRLC32E    |    47 |   Distributed Memory |
| RAMB36E1   |    10 |         Block Memory |
| OSERDESE2  |     8 |                   IO |
| ISERDESE2  |     6 |                   IO |
| FIFO36E1   |     6 |         Block Memory |
| BUFG       |     5 |                Clock |
| OBUFDS     |     4 |                   IO |
| IBUFDS     |     4 |                   IO |
| RAMB18E1   |     3 |         Block Memory |
| IDELAYE2   |     3 |                   IO |
| MMCME2_ADV |     2 |                Clock |
| BUFR       |     2 |                Clock |
| BUFIO      |     2 |                Clock |
| XADC       |     1 |               Others |
| PS7        |     1 | Specialized Resource |
| PLLE2_ADV  |     1 |                Clock |
| OBUF       |     1 |                   IO |
| IDELAYCTRL |     1 |                   IO |
+------------+-------+----------------------+


9. Black Boxes
--------------

+----------+------+
| Ref Name | Used |
+----------+------+


10. Instantiated Netlists
-------------------------

+--------------------------------------------+------+
|                  Ref Name                  | Used |
+--------------------------------------------+------+
| Arty_Z7_20_xlconcat_0_0                    |    1 |
| Arty_Z7_20_xbar_1                          |    1 |
| Arty_Z7_20_xbar_0                          |    1 |
| Arty_Z7_20_xadc_wiz_0_0                    |    1 |
| Arty_Z7_20_v_vid_in_axi4s_0_0              |    1 |
| Arty_Z7_20_v_tc_1_0                        |    1 |
| Arty_Z7_20_v_tc_0_0                        |    1 |
| Arty_Z7_20_v_axi4s_vid_out_0_0             |    1 |
| Arty_Z7_20_s01_regslice_0                  |    1 |
| Arty_Z7_20_s01_data_fifo_0                 |    1 |
| Arty_Z7_20_s00_regslice_0                  |    1 |
| Arty_Z7_20_s00_data_fifo_0                 |    1 |
| Arty_Z7_20_rst_processing_system7_0_142M_0 |    1 |
| Arty_Z7_20_rst_processing_system7_0_100M_0 |    1 |
| Arty_Z7_20_rgb2dvi_0_0                     |    1 |
| Arty_Z7_20_processing_system7_0_0          |    1 |
| Arty_Z7_20_proc_sys_reset_0_3              |    1 |
| Arty_Z7_20_dvi2rgb_0_0                     |    1 |
| Arty_Z7_20_clk_wiz_0_0                     |    1 |
| Arty_Z7_20_axis_subset_converter_1_0       |    1 |
| Arty_Z7_20_axis_subset_converter_0_0       |    1 |
| Arty_Z7_20_axi_vdma_1_0                    |    1 |
| Arty_Z7_20_axi_vdma_0_1                    |    1 |
| Arty_Z7_20_axi_gpio_sw_0                   |    1 |
| Arty_Z7_20_axi_gpio_shield_2_0             |    1 |
| Arty_Z7_20_axi_gpio_shield_1_0             |    1 |
| Arty_Z7_20_axi_gpio_led_0                  |    1 |
| Arty_Z7_20_axi_gpio_hdmi_0                 |    1 |
| Arty_Z7_20_axi_gpio_0_0                    |    1 |
| Arty_Z7_20_axi_dynclk_0_0                  |    1 |
| Arty_Z7_20_auto_pc_1                       |    1 |
| Arty_Z7_20_auto_pc_0                       |    1 |
+--------------------------------------------+------+


