#-----------------------------------------------------------
# Vivado v2017.1_sdx (64-bit)
# SW Build 1915620 on Thu Jun 22 17:54:59 MDT 2017
# IP Build 1908669 on Thu Jun 22 19:20:41 MDT 2017
# Start of session at: Sat Jul 29 03:20:35 2017
# Process ID: 120848
# Current directory: /home/digilent/sam_work/git/sbobrowicz/Arty-Z7-20-base/src/others/.Xil
# Command line: vivado -mode batch -notrace -source archive_project.tcl /home/digilent/sam_work/git/sbobrowicz/Arty-Z7-20-base/src/others/SDSoC_Staging/proj_copy/Arty_Z7_20/Arty_Z7_20.xpr
# Log file: /home/digilent/sam_work/git/sbobrowicz/Arty-Z7-20-base/src/others/.Xil/vivado.log
# Journal file: /home/digilent/sam_work/git/sbobrowicz/Arty-Z7-20-base/src/others/.Xil/vivado.jou
#-----------------------------------------------------------
Sourcing tcl script '/home/digilent/.Xilinx/Vivado/Vivado_init.tcl'
INFO: [Common 17-1460] Use of init.tcl in /opt/Xilinx/SDx/2017.1/Vivado/scripts/init.tcl is deprecated. Please use Vivado_init.tcl 
Sourcing tcl script '/opt/Xilinx/SDx/2017.1/Vivado/scripts/init.tcl'
16 Beta devices matching pattern found, 16 enabled.
Loaded SDSoC Platform Tcl Library
open_project /home/digilent/sam_work/git/sbobrowicz/Arty-Z7-20-base/src/others/SDSoC_Staging/proj_copy/Arty_Z7_20/Arty_Z7_20.xpr
Scanning sources...
Finished scanning sources
INFO: [IP_Flow 19-234] Refreshing IP repositories
INFO: [IP_Flow 19-1700] Loaded user IP repository '/home/digilent/sam_work/git/sbobrowicz/Arty-Z7-20-base/src/others/SDSoC_Staging/proj_copy/Arty_Z7_20/Arty_Z7_20.ipdefs/repo_0'.
INFO: [IP_Flow 19-2313] Loaded Vivado IP repository '/opt/Xilinx/SDx/2017.1/Vivado/data/ip'.
WARNING: [IP_Flow 19-3664] IP 'Arty_Z7_20_processing_system7_0_0' generated file not found '/home/digilent/sam_work/git/sbobrowicz/Arty-Z7-20-base/src/others/SDSoC_Staging/proj_copy/Arty_Z7_20/Arty_Z7_20.srcs/sources_1/bd/Arty_Z7_20/ip/Arty_Z7_20_processing_system7_0_0/sim/libps7.so'. Please regenerate to continue.
WARNING: [IP_Flow 19-3664] IP 'Arty_Z7_20_processing_system7_0_0' generated file not found '/home/digilent/sam_work/git/sbobrowicz/Arty-Z7-20-base/src/others/SDSoC_Staging/proj_copy/Arty_Z7_20/Arty_Z7_20.srcs/sources_1/bd/Arty_Z7_20/ip/Arty_Z7_20_processing_system7_0_0/sim/libps7.dll'. Please regenerate to continue.
WARNING: [IP_Flow 19-3664] IP 'Arty_Z7_20_processing_system7_0_0' generated file not found '/home/digilent/sam_work/git/sbobrowicz/Arty-Z7-20-base/src/others/SDSoC_Staging/proj_copy/Arty_Z7_20/Arty_Z7_20.srcs/sources_1/bd/Arty_Z7_20/ip/Arty_Z7_20_processing_system7_0_0/sim/libremoteport.so'. Please regenerate to continue.
WARNING: [IP_Flow 19-3664] IP 'Arty_Z7_20_processing_system7_0_0' generated file not found '/home/digilent/sam_work/git/sbobrowicz/Arty-Z7-20-base/src/others/SDSoC_Staging/proj_copy/Arty_Z7_20/Arty_Z7_20.srcs/sources_1/bd/Arty_Z7_20/ip/Arty_Z7_20_processing_system7_0_0/sim/libremoteport.dll'. Please regenerate to continue.
WARNING: [IP_Flow 19-3664] IP 'Arty_Z7_20_auto_pc_1' generated file not found '/home/digilent/sam_work/git/sbobrowicz/Arty-Z7-20-base/src/others/SDSoC_Staging/proj_copy/Arty_Z7_20/Arty_Z7_20.srcs/sources_1/bd/Arty_Z7_20/ip/Arty_Z7_20_auto_pc_1/stats.txt'. Please regenerate to continue.
WARNING: [IP_Flow 19-3664] IP 'Arty_Z7_20_auto_pc_0' generated file not found '/home/digilent/sam_work/git/sbobrowicz/Arty-Z7-20-base/src/others/SDSoC_Staging/proj_copy/Arty_Z7_20/Arty_Z7_20.srcs/sources_1/bd/Arty_Z7_20/ip/Arty_Z7_20_auto_pc_0/stats.txt'. Please regenerate to continue.
WARNING: [IP_Flow 19-3664] IP 'Arty_Z7_20_s01_regslice_0' generated file not found '/home/digilent/sam_work/git/sbobrowicz/Arty-Z7-20-base/src/others/SDSoC_Staging/proj_copy/Arty_Z7_20/Arty_Z7_20.srcs/sources_1/bd/Arty_Z7_20/ip/Arty_Z7_20_s01_regslice_0/stats.txt'. Please regenerate to continue.
WARNING: [IP_Flow 19-3664] IP 'Arty_Z7_20_s01_data_fifo_0' generated file not found '/home/digilent/sam_work/git/sbobrowicz/Arty-Z7-20-base/src/others/SDSoC_Staging/proj_copy/Arty_Z7_20/Arty_Z7_20.srcs/sources_1/bd/Arty_Z7_20/ip/Arty_Z7_20_s01_data_fifo_0/stats.txt'. Please regenerate to continue.
WARNING: [IP_Flow 19-3664] IP 'Arty_Z7_20_s00_regslice_0' generated file not found '/home/digilent/sam_work/git/sbobrowicz/Arty-Z7-20-base/src/others/SDSoC_Staging/proj_copy/Arty_Z7_20/Arty_Z7_20.srcs/sources_1/bd/Arty_Z7_20/ip/Arty_Z7_20_s00_regslice_0/stats.txt'. Please regenerate to continue.
WARNING: [IP_Flow 19-3664] IP 'Arty_Z7_20_s00_data_fifo_0' generated file not found '/home/digilent/sam_work/git/sbobrowicz/Arty-Z7-20-base/src/others/SDSoC_Staging/proj_copy/Arty_Z7_20/Arty_Z7_20.srcs/sources_1/bd/Arty_Z7_20/ip/Arty_Z7_20_s00_data_fifo_0/stats.txt'. Please regenerate to continue.
source archive_project.tcl -notrace
INFO: [Coretcl 2-137] starting archive...
INFO: [Coretcl 2-1499] Saving project copy to temporary location './.Xil/Vivado-120848-ubuntu' for archiving project
Scanning sources...
Finished scanning sources
INFO: [IP_Flow 19-234] Refreshing IP repositories
INFO: [IP_Flow 19-1700] Loaded user IP repository '/home/digilent/sam_work/git/sbobrowicz/Arty-Z7-20-base/src/others/SDSoC_Staging/proj_copy/Arty_Z7_20/Arty_Z7_20.ipdefs/repo_0'.
INFO: [IP_Flow 19-2313] Loaded Vivado IP repository '/opt/Xilinx/SDx/2017.1/Vivado/data/ip'.
WARNING: [IP_Flow 19-3664] IP 'Arty_Z7_20_processing_system7_0_0' generated file not found '/home/digilent/sam_work/git/sbobrowicz/Arty-Z7-20-base/src/others/SDSoC_Staging/proj_copy/Arty_Z7_20/Arty_Z7_20.srcs/sources_1/bd/Arty_Z7_20/ip/Arty_Z7_20_processing_system7_0_0/sim/libps7.so'. Please regenerate to continue.
WARNING: [IP_Flow 19-3664] IP 'Arty_Z7_20_processing_system7_0_0' generated file not found '/home/digilent/sam_work/git/sbobrowicz/Arty-Z7-20-base/src/others/SDSoC_Staging/proj_copy/Arty_Z7_20/Arty_Z7_20.srcs/sources_1/bd/Arty_Z7_20/ip/Arty_Z7_20_processing_system7_0_0/sim/libps7.dll'. Please regenerate to continue.
WARNING: [IP_Flow 19-3664] IP 'Arty_Z7_20_processing_system7_0_0' generated file not found '/home/digilent/sam_work/git/sbobrowicz/Arty-Z7-20-base/src/others/SDSoC_Staging/proj_copy/Arty_Z7_20/Arty_Z7_20.srcs/sources_1/bd/Arty_Z7_20/ip/Arty_Z7_20_processing_system7_0_0/sim/libremoteport.so'. Please regenerate to continue.
WARNING: [IP_Flow 19-3664] IP 'Arty_Z7_20_processing_system7_0_0' generated file not found '/home/digilent/sam_work/git/sbobrowicz/Arty-Z7-20-base/src/others/SDSoC_Staging/proj_copy/Arty_Z7_20/Arty_Z7_20.srcs/sources_1/bd/Arty_Z7_20/ip/Arty_Z7_20_processing_system7_0_0/sim/libremoteport.dll'. Please regenerate to continue.
WARNING: [IP_Flow 19-3664] IP 'Arty_Z7_20_auto_pc_1' generated file not found '/home/digilent/sam_work/git/sbobrowicz/Arty-Z7-20-base/src/others/SDSoC_Staging/proj_copy/Arty_Z7_20/Arty_Z7_20.srcs/sources_1/bd/Arty_Z7_20/ip/Arty_Z7_20_auto_pc_1/stats.txt'. Please regenerate to continue.
WARNING: [IP_Flow 19-3664] IP 'Arty_Z7_20_auto_pc_0' generated file not found '/home/digilent/sam_work/git/sbobrowicz/Arty-Z7-20-base/src/others/SDSoC_Staging/proj_copy/Arty_Z7_20/Arty_Z7_20.srcs/sources_1/bd/Arty_Z7_20/ip/Arty_Z7_20_auto_pc_0/stats.txt'. Please regenerate to continue.
WARNING: [IP_Flow 19-3664] IP 'Arty_Z7_20_s01_regslice_0' generated file not found '/home/digilent/sam_work/git/sbobrowicz/Arty-Z7-20-base/src/others/SDSoC_Staging/proj_copy/Arty_Z7_20/Arty_Z7_20.srcs/sources_1/bd/Arty_Z7_20/ip/Arty_Z7_20_s01_regslice_0/stats.txt'. Please regenerate to continue.
WARNING: [IP_Flow 19-3664] IP 'Arty_Z7_20_s01_data_fifo_0' generated file not found '/home/digilent/sam_work/git/sbobrowicz/Arty-Z7-20-base/src/others/SDSoC_Staging/proj_copy/Arty_Z7_20/Arty_Z7_20.srcs/sources_1/bd/Arty_Z7_20/ip/Arty_Z7_20_s01_data_fifo_0/stats.txt'. Please regenerate to continue.
WARNING: [IP_Flow 19-3664] IP 'Arty_Z7_20_s00_regslice_0' generated file not found '/home/digilent/sam_work/git/sbobrowicz/Arty-Z7-20-base/src/others/SDSoC_Staging/proj_copy/Arty_Z7_20/Arty_Z7_20.srcs/sources_1/bd/Arty_Z7_20/ip/Arty_Z7_20_s00_regslice_0/stats.txt'. Please regenerate to continue.
WARNING: [IP_Flow 19-3664] IP 'Arty_Z7_20_s00_data_fifo_0' generated file not found '/home/digilent/sam_work/git/sbobrowicz/Arty-Z7-20-base/src/others/SDSoC_Staging/proj_copy/Arty_Z7_20/Arty_Z7_20.srcs/sources_1/bd/Arty_Z7_20/ip/Arty_Z7_20_s00_data_fifo_0/stats.txt'. Please regenerate to continue.
INFO: [Coretcl 2-1211] Creating project copy for archival...
CRITICAL WARNING: [IP_Flow 19-4299] Failed to copy '/home/digilent/sam_work/git/sbobrowicz/Arty-Z7-20-base/src/others/SDSoC_Staging/proj_copy/Arty_Z7_20/Arty_Z7_20.srcs/sources_1/bd/Arty_Z7_20/ip/Arty_Z7_20_auto_pc_1/stats.txt' to '/home/digilent/sam_work/git/sbobrowicz/Arty-Z7-20-base/src/others/.Xil/.Xil/Vivado-120848-ubuntu/PrjAr/_X_/Arty_Z7_20.srcs/sources_1/bd/Arty_Z7_20/ip/Arty_Z7_20_auto_pc_1/stats.txt'
CRITICAL WARNING: [IP_Flow 19-4299] Failed to copy '/home/digilent/sam_work/git/sbobrowicz/Arty-Z7-20-base/src/others/SDSoC_Staging/proj_copy/Arty_Z7_20/Arty_Z7_20.srcs/sources_1/bd/Arty_Z7_20/ip/Arty_Z7_20_auto_pc_0/stats.txt' to '/home/digilent/sam_work/git/sbobrowicz/Arty-Z7-20-base/src/others/.Xil/.Xil/Vivado-120848-ubuntu/PrjAr/_X_/Arty_Z7_20.srcs/sources_1/bd/Arty_Z7_20/ip/Arty_Z7_20_auto_pc_0/stats.txt'
CRITICAL WARNING: [IP_Flow 19-4299] Failed to copy '/home/digilent/sam_work/git/sbobrowicz/Arty-Z7-20-base/src/others/SDSoC_Staging/proj_copy/Arty_Z7_20/Arty_Z7_20.srcs/sources_1/bd/Arty_Z7_20/ip/Arty_Z7_20_s01_regslice_0/stats.txt' to '/home/digilent/sam_work/git/sbobrowicz/Arty-Z7-20-base/src/others/.Xil/.Xil/Vivado-120848-ubuntu/PrjAr/_X_/Arty_Z7_20.srcs/sources_1/bd/Arty_Z7_20/ip/Arty_Z7_20_s01_regslice_0/stats.txt'
CRITICAL WARNING: [IP_Flow 19-4299] Failed to copy '/home/digilent/sam_work/git/sbobrowicz/Arty-Z7-20-base/src/others/SDSoC_Staging/proj_copy/Arty_Z7_20/Arty_Z7_20.srcs/sources_1/bd/Arty_Z7_20/ip/Arty_Z7_20_s01_data_fifo_0/stats.txt' to '/home/digilent/sam_work/git/sbobrowicz/Arty-Z7-20-base/src/others/.Xil/.Xil/Vivado-120848-ubuntu/PrjAr/_X_/Arty_Z7_20.srcs/sources_1/bd/Arty_Z7_20/ip/Arty_Z7_20_s01_data_fifo_0/stats.txt'
CRITICAL WARNING: [IP_Flow 19-4299] Failed to copy '/home/digilent/sam_work/git/sbobrowicz/Arty-Z7-20-base/src/others/SDSoC_Staging/proj_copy/Arty_Z7_20/Arty_Z7_20.srcs/sources_1/bd/Arty_Z7_20/ip/Arty_Z7_20_s00_regslice_0/stats.txt' to '/home/digilent/sam_work/git/sbobrowicz/Arty-Z7-20-base/src/others/.Xil/.Xil/Vivado-120848-ubuntu/PrjAr/_X_/Arty_Z7_20.srcs/sources_1/bd/Arty_Z7_20/ip/Arty_Z7_20_s00_regslice_0/stats.txt'
CRITICAL WARNING: [IP_Flow 19-4299] Failed to copy '/home/digilent/sam_work/git/sbobrowicz/Arty-Z7-20-base/src/others/SDSoC_Staging/proj_copy/Arty_Z7_20/Arty_Z7_20.srcs/sources_1/bd/Arty_Z7_20/ip/Arty_Z7_20_s00_data_fifo_0/stats.txt' to '/home/digilent/sam_work/git/sbobrowicz/Arty-Z7-20-base/src/others/.Xil/.Xil/Vivado-120848-ubuntu/PrjAr/_X_/Arty_Z7_20.srcs/sources_1/bd/Arty_Z7_20/ip/Arty_Z7_20_s00_data_fifo_0/stats.txt'
INFO: [Coretcl 2-1213] Including run results for 'synth_1'
INFO: [Coretcl 2-1213] Including run results for 'impl_1'
INFO: [Coretcl 2-1212] Importing remotely added design sources and verilog include files (if any)...
INFO: [filemgmt 20-334] All file(s) are already imported in fileset: 'constrs_1'
INFO: [filemgmt 20-348] Importing the appropriate files for fileset: 'constrs_1'
INFO: [filemgmt 20-348] Importing the appropriate files for fileset: 'sources_1'
INFO: [Coretcl 2-1209] Adding archive summary file to the project...
INFO: [Coretcl 2-1214] Preparing project files for archive...
INFO: [Coretcl 2-1210] Compressing project files and data...
INFO: [Coretcl 2-1215] Project archived (/home/digilent/sam_work/git/sbobrowicz/Arty-Z7-20-base/src/others/.Xil/Arty_Z7_20.xpr.zip)
INFO: [Coretcl 2-1216] To view the archive summary log in GUI, double click on 'Design Sources->Text->archive_project_summary.txt', or open this file from the archived project directory.
archive_project: Time (s): cpu = 00:00:07 ; elapsed = 00:00:08 . Memory (MB): peak = 1275.074 ; gain = 68.766 ; free physical = 1192 ; free virtual = 27130
INFO: [Common 17-206] Exiting Vivado at Sat Jul 29 03:20:56 2017...
